0 info it worked if it ends with ok
1 verbose cli [ '/usr/local/bin/node', '/usr/local/bin/npm', 'run', 'lint' ]
2 info using npm@3.8.6
3 info using node@v6.0.0
4 verbose run-script [ 'prelint', 'lint', 'postlint' ]
5 info lifecycle restaurant@0.0.1~prelint: restaurant@0.0.1
6 silly lifecycle restaurant@0.0.1~prelint: no script for prelint, continuing
7 info lifecycle restaurant@0.0.1~lint: restaurant@0.0.1
8 verbose lifecycle restaurant@0.0.1~lint: unsafe-perm in lifecycle true
9 verbose lifecycle restaurant@0.0.1~lint: PATH: /usr/local/lib/node_modules/npm/bin/node-gyp-bin:/Users/robert/Webapps/rcwlabs/restaurant/node_modules/.bin:/usr/local/bin:/usr/local/heroku/bin:/usr/local/git/bin:/usr/local/bin:/usr/local/rvm/gems/ruby-2.1.1/bin:/usr/local/rvm/gems/ruby-2.1.1@global/bin:/usr/local/rvm/rubies/ruby-2.1.1/bin:/usr/local/bin:/usr/bin:/bin:/usr/sbin:/sbin:/usr/local/git/bin:/opt/sm/bin:/opt/sm/pkg/active/bin:/opt/sm/pkg/active/sbin:/usr/local/rvm/bin
10 verbose lifecycle restaurant@0.0.1~lint: CWD: /Users/robert/Webapps/rcwlabs/restaurant
11 silly lifecycle restaurant@0.0.1~lint: Args: [ '-c', 'eslint src' ]
12 silly lifecycle restaurant@0.0.1~lint: Returned: code: 1  signal: null
13 info lifecycle restaurant@0.0.1~lint: Failed to exec lint script
14 verbose stack Error: restaurant@0.0.1 lint: `eslint src`
14 verbose stack Exit status 1
14 verbose stack     at EventEmitter.<anonymous> (/usr/local/lib/node_modules/npm/lib/utils/lifecycle.js:239:16)
14 verbose stack     at emitTwo (events.js:106:13)
14 verbose stack     at EventEmitter.emit (events.js:191:7)
14 verbose stack     at ChildProcess.<anonymous> (/usr/local/lib/node_modules/npm/lib/utils/spawn.js:24:14)
14 verbose stack     at emitTwo (events.js:106:13)
14 verbose stack     at ChildProcess.emit (events.js:191:7)
14 verbose stack     at maybeClose (internal/child_process.js:850:16)
14 verbose stack     at Process.ChildProcess._handle.onexit (internal/child_process.js:215:5)
15 verbose pkgid restaurant@0.0.1
16 verbose cwd /Users/robert/Webapps/rcwlabs/restaurant
17 error Darwin 14.5.0
18 error argv "/usr/local/bin/node" "/usr/local/bin/npm" "run" "lint"
19 error node v6.0.0
20 error npm  v3.8.6
21 error code ELIFECYCLE
22 error restaurant@0.0.1 lint: `eslint src`
22 error Exit status 1
23 error Failed at the restaurant@0.0.1 lint script 'eslint src'.
23 error Make sure you have the latest version of node.js and npm installed.
23 error If you do, this is most likely a problem with the restaurant package,
23 error not with npm itself.
23 error Tell the author that this fails on your system:
23 error     eslint src
23 error You can get information on how to open an issue for this project with:
23 error     npm bugs restaurant
23 error Or if that isn't available, you can get their info via:
23 error     npm owner ls restaurant
23 error There is likely additional logging output above.
24 verbose exit [ 1, true ]
